<?xml version="1.0" encoding="UTF-8"?>
<!-- Generated by org.testng.reporters.JUnitXMLReporter -->
<testsuite ignored="0" hostname="DESKTOP-4PMVKQT" failures="0" tests="3" name="Test00" time="0.114" errors="0" timestamp="2022-07-09T01:26:16 PDT">
  <testcase classname="com.utility.Baseclass" name="@BeforeMethod setup" time="-1.65735517592E9">
    <failure type="org.testng.TestNGException" message="
Parameter &amp;apos;browser&amp;apos; is required by BeforeMethod on method setup but has not been marked @Optional or defined
in C:\Users\pc\eclipse-workspace\hybrid_freamework\test001.xml">
      <![CDATA[org.testng.TestNGException: 
Parameter 'browser' is required by BeforeMethod on method setup but has not been marked @Optional or defined
in C:\Users\pc\eclipse-workspace\hybrid_freamework\test001.xml
at java.base/java.util.ArrayList.forEach(ArrayList.java:1511)
... Removed 28 stack frames]]>
    </failure>
  </testcase> <!-- @BeforeMethod setup -->
  <testcase classname="com.utility.Baseclass" name="@AfterMethod teardown" time="-1.65735517595E9">
    <skipped/>
  </testcase> <!-- @AfterMethod teardown -->
  <testcase classname="com.utility.Baseclass" name="@BeforeMethod setup" time="-1.657355175956E9">
    <skipped/>
  </testcase> <!-- @BeforeMethod setup -->
  <testcase classname="com.utility.Baseclass" name="@AfterMethod teardown" time="-1.657355175965E9">
    <skipped/>
  </testcase> <!-- @AfterMethod teardown -->
  <testcase classname="com.utility.Baseclass" name="@BeforeMethod setup" time="-1.657355175969E9">
    <skipped/>
  </testcase> <!-- @BeforeMethod setup -->
  <testcase classname="com.utility.Baseclass" name="@AfterMethod teardown" time="-1.657355175983E9">
    <skipped/>
  </testcase> <!-- @AfterMethod teardown -->
  <testcase classname="com.Test.Test_001" name="verifytest001" time="0.0">
    <skipped/>
  </testcase> <!-- verifytest001 -->
  <testcase classname="com.Test.Test_001" name="verifytest002" time="0.0">
    <skipped/>
  </testcase> <!-- verifytest002 -->
  <testcase classname="com.Test.Test_001" name="verifytest003" time="0.0">
    <skipped/>
  </testcase> <!-- verifytest003 -->
</testsuite> <!-- Test00 -->
